                                      1 ;--------------------------------------------------------
                                      2 ; File Created by SDCC : free open source ISO C Compiler 
                                      3 ; Version 4.3.2 #14228 (MINGW64)
                                      4 ;--------------------------------------------------------
                                      5 	.module main
                                      6 	.optsdcc -msm83
                                      7 	
                                      8 ;--------------------------------------------------------
                                      9 ; Public variables in this module
                                     10 ;--------------------------------------------------------
                                     11 	.globl _main
                                     12 	.globl _set_sprite_data
                                     13 	.globl _delay
                                     14 	.globl _Smiler
                                     15 ;--------------------------------------------------------
                                     16 ; special function registers
                                     17 ;--------------------------------------------------------
                                     18 ;--------------------------------------------------------
                                     19 ; ram data
                                     20 ;--------------------------------------------------------
                                     21 	.area _DATA
                                     22 ;--------------------------------------------------------
                                     23 ; ram data
                                     24 ;--------------------------------------------------------
                                     25 	.area _INITIALIZED
      000000                         26 _Smiler::
      000000                         27 	.ds 32
                                     28 ;--------------------------------------------------------
                                     29 ; absolute external ram data
                                     30 ;--------------------------------------------------------
                                     31 	.area _DABS (ABS)
                                     32 ;--------------------------------------------------------
                                     33 ; global & static initialisations
                                     34 ;--------------------------------------------------------
                                     35 	.area _HOME
                                     36 	.area _GSINIT
                                     37 	.area _GSFINAL
                                     38 	.area _GSINIT
                                     39 ;--------------------------------------------------------
                                     40 ; Home
                                     41 ;--------------------------------------------------------
                                     42 	.area _HOME
                                     43 	.area _HOME
                                     44 ;--------------------------------------------------------
                                     45 ; code
                                     46 ;--------------------------------------------------------
                                     47 	.area _CODE
                                     48 ;main.c:6: void main(){
                                     49 ;	---------------------------------
                                     50 ; Function main
                                     51 ; ---------------------------------
      000000                         52 _main::
                                     53 ;main.c:7: UINT8 SpriteIndex = 0;
      000000 0E 00            [ 8]   54 	ld	c, #0x00
                                     55 ;main.c:10: set_sprite_data(0, 2, Smiler);//load 2 sprites into memory
      000002 11r00r00         [12]   56 	ld	de, #_Smiler
      000005 D5               [16]   57 	push	de
      000006 21 00 02         [12]   58 	ld	hl, #0x200
      000009 E5               [16]   59 	push	hl
      00000A CDr00r00         [24]   60 	call	_set_sprite_data
      00000D E8 04            [16]   61 	add	sp, #4
                                     62 ;c:\gbdk\include\gb\gb.h:1804: shadow_OAM[nb].tile=tile;
      00000F 21r02r00         [12]   63 	ld	hl, #(_shadow_OAM + 2)
      000012 36 00            [12]   64 	ld	(hl), #0x00
                                     65 ;c:\gbdk\include\gb\gb.h:1877: OAM_item_t * itm = &shadow_OAM[nb];
      000014 21r00r00         [12]   66 	ld	hl, #_shadow_OAM
                                     67 ;c:\gbdk\include\gb\gb.h:1878: itm->y=y, itm->x=x;
      000017 3E 4E            [ 8]   68 	ld	a, #0x4e
      000019 22               [ 8]   69 	ld	(hl+), a
      00001A 36 58            [12]   70 	ld	(hl), #0x58
                                     71 ;main.c:13: SHOW_SPRITES;
      00001C F0r00            [12]   72 	ldh	a, (_LCDC_REG + 0)
      00001E F6 02            [ 8]   73 	or	a, #0x02
      000020 E0r00            [12]   74 	ldh	(_LCDC_REG + 0), a
                                     75 ;main.c:15: while(1){//GameLoop
      000022                         76 00105$:
                                     77 ;main.c:16: if(SpriteIndex == 0)
      000022 79               [ 4]   78 	ld	a, c
      000023 B7               [ 4]   79 	or	a, a
                                     80 ;main.c:17: SpriteIndex = 1;
                                     81 ;main.c:19: SpriteIndex = 0;
      000024 0E 01            [ 8]   82 	ld	c, #0x01
      000026 28 02            [12]   83 	jr	Z, 00103$
      000028 0E 00            [ 8]   84 	ld	c, #0x00
      00002A                         85 00103$:
                                     86 ;c:\gbdk\include\gb\gb.h:1804: shadow_OAM[nb].tile=tile;
      00002A 21r02r00         [12]   87 	ld	hl, #(_shadow_OAM + 2)
      00002D 71               [ 8]   88 	ld	(hl), c
                                     89 ;c:\gbdk\include\gb\gb.h:1893: OAM_item_t * itm = &shadow_OAM[nb];
      00002E 11r00r00         [12]   90 	ld	de, #_shadow_OAM+0
                                     91 ;c:\gbdk\include\gb\gb.h:1894: itm->y+=y, itm->x+=x;
      000031 1A               [ 8]   92 	ld	a, (de)
      000032 12               [ 8]   93 	ld	(de), a
      000033 13               [ 8]   94 	inc	de
      000034 1A               [ 8]   95 	ld	a, (de)
      000035 3C               [ 4]   96 	inc	a
      000036 12               [ 8]   97 	ld	(de), a
                                     98 ;main.c:24: delay(100);
      000037 C5               [16]   99 	push	bc
      000038 11 64 00         [12]  100 	ld	de, #0x0064
      00003B CDr00r00         [24]  101 	call	_delay
      00003E C1               [12]  102 	pop	bc
                                    103 ;main.c:26: }
      00003F 18 E1            [12]  104 	jr	00105$
                                    105 	.area _CODE
                                    106 	.area _INITIALIZER
      000000                        107 __xinit__Smiler:
      000000 7E                     108 	.db #0x7e	; 126
      000001 7E                     109 	.db #0x7e	; 126
      000002 FF                     110 	.db #0xff	; 255
      000003 81                     111 	.db #0x81	; 129
      000004 FF                     112 	.db #0xff	; 255
      000005 A5                     113 	.db #0xa5	; 165
      000006 FF                     114 	.db #0xff	; 255
      000007 81                     115 	.db #0x81	; 129
      000008 FF                     116 	.db #0xff	; 255
      000009 81                     117 	.db #0x81	; 129
      00000A FF                     118 	.db #0xff	; 255
      00000B BD                     119 	.db #0xbd	; 189
      00000C FF                     120 	.db #0xff	; 255
      00000D 81                     121 	.db #0x81	; 129
      00000E 7E                     122 	.db #0x7e	; 126
      00000F 7E                     123 	.db #0x7e	; 126
      000010 7E                     124 	.db #0x7e	; 126
      000011 7E                     125 	.db #0x7e	; 126
      000012 FF                     126 	.db #0xff	; 255
      000013 81                     127 	.db #0x81	; 129
      000014 FF                     128 	.db #0xff	; 255
      000015 A5                     129 	.db #0xa5	; 165
      000016 FF                     130 	.db #0xff	; 255
      000017 81                     131 	.db #0x81	; 129
      000018 FF                     132 	.db #0xff	; 255
      000019 A5                     133 	.db #0xa5	; 165
      00001A FF                     134 	.db #0xff	; 255
      00001B 99                     135 	.db #0x99	; 153
      00001C FF                     136 	.db #0xff	; 255
      00001D 81                     137 	.db #0x81	; 129
      00001E 7E                     138 	.db #0x7e	; 126
      00001F 7E                     139 	.db #0x7e	; 126
                                    140 	.area _CABS (ABS)
